0 info it worked if it ends with ok
1 verbose cli [ '/usr/local/bin/node',
1 verbose cli   '/usr/local/bin/npm',
1 verbose cli   'install',
1 verbose cli   'react-addons@0.13.3' ]
2 info using npm@3.8.3
3 info using node@v5.8.0
4 silly loadCurrentTree Starting
5 silly install loadCurrentTree
6 silly install readLocalPackageData
7 silly fetchPackageMetaData react-addons@0.13.3
8 silly fetchNamedPackageData react-addons
9 silly mapToRegistry name react-addons
10 silly mapToRegistry using default registry
11 silly mapToRegistry registry https://registry.npmjs.org/
12 silly mapToRegistry data Result {
12 silly mapToRegistry   raw: 'react-addons',
12 silly mapToRegistry   scope: null,
12 silly mapToRegistry   name: 'react-addons',
12 silly mapToRegistry   rawSpec: '',
12 silly mapToRegistry   spec: 'latest',
12 silly mapToRegistry   type: 'tag' }
13 silly mapToRegistry uri https://registry.npmjs.org/react-addons
14 verbose request uri https://registry.npmjs.org/react-addons
15 verbose request no auth needed
16 info attempt registry request try #1 at 10:41:44 PM
17 verbose request id 1dc019a5138bba76
18 http request GET https://registry.npmjs.org/react-addons
19 http 200 https://registry.npmjs.org/react-addons
20 verbose headers { server: 'CouchDB/1.5.0 (Erlang OTP/R16B03)',
20 verbose headers   etag: '"5EQ1N5H6VJFMTHWF61DS24QMX"',
20 verbose headers   'content-type': 'application/json',
20 verbose headers   'content-encoding': 'gzip',
20 verbose headers   'cache-control': 'max-age=300',
20 verbose headers   'content-length': '1847',
20 verbose headers   'accept-ranges': 'bytes',
20 verbose headers   date: 'Wed, 01 Jun 2016 20:41:48 GMT',
20 verbose headers   via: '1.1 varnish',
20 verbose headers   age: '0',
20 verbose headers   connection: 'keep-alive',
20 verbose headers   'x-served-by': 'cache-lhr6341-LHR',
20 verbose headers   'x-cache': 'MISS',
20 verbose headers   'x-cache-hits': '0',
20 verbose headers   'x-timer': 'S1464813707.538630,VS0,VE675',
20 verbose headers   vary: 'Accept-Encoding' }
21 silly get cb [ 200,
21 silly get   { server: 'CouchDB/1.5.0 (Erlang OTP/R16B03)',
21 silly get     etag: '"5EQ1N5H6VJFMTHWF61DS24QMX"',
21 silly get     'content-type': 'application/json',
21 silly get     'content-encoding': 'gzip',
21 silly get     'cache-control': 'max-age=300',
21 silly get     'content-length': '1847',
21 silly get     'accept-ranges': 'bytes',
21 silly get     date: 'Wed, 01 Jun 2016 20:41:48 GMT',
21 silly get     via: '1.1 varnish',
21 silly get     age: '0',
21 silly get     connection: 'keep-alive',
21 silly get     'x-served-by': 'cache-lhr6341-LHR',
21 silly get     'x-cache': 'MISS',
21 silly get     'x-cache-hits': '0',
21 silly get     'x-timer': 'S1464813707.538630,VS0,VE675',
21 silly get     vary: 'Accept-Encoding' } ]
22 verbose get saving react-addons to /Users/roark/.npm/registry.npmjs.org/react-addons/.cache.json
23 verbose correctMkdir /Users/roark/.npm correctMkdir not in flight; initializing
24 silly fetchPackageMetaData Error: No compatible version found: react-addons@0.13.3
24 silly fetchPackageMetaData Valid install targets:
24 silly fetchPackageMetaData 0.9.1-deprecated, 0.9.0, 0.8.0
24 silly fetchPackageMetaData
24 silly fetchPackageMetaData     at pickVersionFromRegistryDocument (/usr/local/lib/node_modules/npm/lib/fetch-package-metadata.js:156:16)
24 silly fetchPackageMetaData     at /usr/local/lib/node_modules/npm/node_modules/iferr/index.js:13:50
24 silly fetchPackageMetaData     at /usr/local/lib/node_modules/npm/lib/utils/pulse-till-done.js:19:8
24 silly fetchPackageMetaData     at saved (/usr/local/lib/node_modules/npm/lib/cache/caching-client.js:168:7)
24 silly fetchPackageMetaData     at /usr/local/lib/node_modules/npm/node_modules/graceful-fs/polyfills.js:210:7
24 silly fetchPackageMetaData     at FSReqWrap.oncomplete (fs.js:82:15)
24 silly fetchPackageMetaData  error for react-addons@0.13.3 [Error: No compatible version found: react-addons@0.13.3
24 silly fetchPackageMetaData Valid install targets:
24 silly fetchPackageMetaData 0.9.1-deprecated, 0.9.0, 0.8.0
24 silly fetchPackageMetaData ]
25 silly rollbackFailedOptional Starting
26 silly rollbackFailedOptional Finishing
27 silly runTopLevelLifecycles Starting
28 silly runTopLevelLifecycles Finishing
29 silly install printInstalled
30 verbose stack Error: No compatible version found: react-addons@0.13.3
30 verbose stack Valid install targets:
30 verbose stack 0.9.1-deprecated, 0.9.0, 0.8.0
30 verbose stack
30 verbose stack     at pickVersionFromRegistryDocument (/usr/local/lib/node_modules/npm/lib/fetch-package-metadata.js:156:16)
30 verbose stack     at /usr/local/lib/node_modules/npm/node_modules/iferr/index.js:13:50
30 verbose stack     at /usr/local/lib/node_modules/npm/lib/utils/pulse-till-done.js:19:8
30 verbose stack     at saved (/usr/local/lib/node_modules/npm/lib/cache/caching-client.js:168:7)
30 verbose stack     at /usr/local/lib/node_modules/npm/node_modules/graceful-fs/polyfills.js:210:7
30 verbose stack     at FSReqWrap.oncomplete (fs.js:82:15)
31 verbose cwd /Users/roark/Code/sanqcorp
32 error Darwin 15.4.0
33 error argv "/usr/local/bin/node" "/usr/local/bin/npm" "install" "react-addons@0.13.3"
34 error node v5.8.0
35 error npm  v3.8.3
36 error No compatible version found: react-addons@0.13.3
36 error Valid install targets:
36 error 0.9.1-deprecated, 0.9.0, 0.8.0
37 error If you need help, you may report this error at:
37 error     <https://github.com/npm/npm/issues>
38 verbose exit [ 1, true ]
